<component name="libraryTable">
  <library name="junit.jupiter.api" type="repository">
    <properties maven-id="org.junit.jupiter:junit-jupiter-api:5.0.0" />
    <CLASSES>
      <root url="jar://$PROJECT_DIR$/../../Junit/junit-jupiter-api-5.0.0.jar!/" />
      <root url="jar://$PROJECT_DIR$/../../Junit/apiguardian-api-1.0.0.jar!/" />
      <root url="jar://$PROJECT_DIR$/../../Junit/opentest4j-1.0.0.jar!/" />
      <root url="jar://$PROJECT_DIR$/../../Junit/junit-platform-commons-1.0.0.jar!/" />
    </CLASSES>
    <JAVADOC />
    <SOURCES />
  </library>
</component>